This is pdfTeX, Version 3.14159265-2.6-1.40.16 (MiKTeX 2.9) (preloaded format=pdflatex 2016.1.7)  20 MAY 2016 09:32
entering extended mode
**D:/report_summary/latexsummary.tex
(D:/report_summary/latexsummary.tex
LaTeX2e <2015/10/01> patch level 2
Babel <3.9m> and hyphenation patterns for 69 languages loaded.
("C:\Users\MD\AppData\Local\Programs\MiKTeX 2.9\tex\latex\ieeetran\IEEEtran.cls
"
Document Class: IEEEtran 2015/08/26 V1.8b by Michael Shell
-- See the "IEEEtran_HOWTO" manual for usage information.
-- http://www.michaelshell.org/tex/ieeetran/
\@IEEEtrantmpdimenA=\dimen102
\@IEEEtrantmpdimenB=\dimen103
\@IEEEtrantmpdimenC=\dimen104
\@IEEEtrantmpcountA=\count79
\@IEEEtrantmpcountB=\count80
\@IEEEtrantmpcountC=\count81
\@IEEEtrantmptoksA=\toks14
LaTeX Font Info:    Try loading font information for OT1+ptm on input line 503.

("C:\Users\MD\AppData\Local\Programs\MiKTeX 2.9\tex\latex\psnfss\ot1ptm.fd"
File: ot1ptm.fd 2001/06/04 font definitions for OT1/ptm.
)
** ATTENTION: Single column mode is not typically used with IEEE publications.
-- Using 8.5in x 11in (letter) paper.
-- Using PDF output.
\@IEEEnormalsizeunitybaselineskip=\dimen105
-- This is a 10 point document.
\CLASSINFOnormalsizebaselineskip=\dimen106
\CLASSINFOnormalsizeunitybaselineskip=\dimen107
\IEEEnormaljot=\dimen108
LaTeX Font Info:    Font shape `OT1/ptm/bx/n' in size <5> not available
(Font)              Font shape `OT1/ptm/b/n' tried instead on input line 1090.
LaTeX Font Info:    Font shape `OT1/ptm/bx/it' in size <5> not available
(Font)              Font shape `OT1/ptm/b/it' tried instead on input line 1090.

LaTeX Font Info:    Font shape `OT1/ptm/bx/n' in size <7> not available
(Font)              Font shape `OT1/ptm/b/n' tried instead on input line 1090.
LaTeX Font Info:    Font shape `OT1/ptm/bx/it' in size <7> not available
(Font)              Font shape `OT1/ptm/b/it' tried instead on input line 1090.

LaTeX Font Info:    Font shape `OT1/ptm/bx/n' in size <8> not available
(Font)              Font shape `OT1/ptm/b/n' tried instead on input line 1090.
LaTeX Font Info:    Font shape `OT1/ptm/bx/it' in size <8> not available
(Font)              Font shape `OT1/ptm/b/it' tried instead on input line 1090.

LaTeX Font Info:    Font shape `OT1/ptm/bx/n' in size <9> not available
(Font)              Font shape `OT1/ptm/b/n' tried instead on input line 1090.
LaTeX Font Info:    Font shape `OT1/ptm/bx/it' in size <9> not available
(Font)              Font shape `OT1/ptm/b/it' tried instead on input line 1090.

LaTeX Font Info:    Font shape `OT1/ptm/bx/n' in size <10> not available
(Font)              Font shape `OT1/ptm/b/n' tried instead on input line 1090.
LaTeX Font Info:    Font shape `OT1/ptm/bx/it' in size <10> not available
(Font)              Font shape `OT1/ptm/b/it' tried instead on input line 1090.

LaTeX Font Info:    Font shape `OT1/ptm/bx/n' in size <11> not available
(Font)              Font shape `OT1/ptm/b/n' tried instead on input line 1090.
LaTeX Font Info:    Font shape `OT1/ptm/bx/it' in size <11> not available
(Font)              Font shape `OT1/ptm/b/it' tried instead on input line 1090.

LaTeX Font Info:    Font shape `OT1/ptm/bx/n' in size <12> not available
(Font)              Font shape `OT1/ptm/b/n' tried instead on input line 1090.
LaTeX Font Info:    Font shape `OT1/ptm/bx/it' in size <12> not available
(Font)              Font shape `OT1/ptm/b/it' tried instead on input line 1090.

LaTeX Font Info:    Font shape `OT1/ptm/bx/n' in size <17> not available
(Font)              Font shape `OT1/ptm/b/n' tried instead on input line 1090.
LaTeX Font Info:    Font shape `OT1/ptm/bx/it' in size <17> not available
(Font)              Font shape `OT1/ptm/b/it' tried instead on input line 1090.

LaTeX Font Info:    Font shape `OT1/ptm/bx/n' in size <20> not available
(Font)              Font shape `OT1/ptm/b/n' tried instead on input line 1090.
LaTeX Font Info:    Font shape `OT1/ptm/bx/it' in size <20> not available
(Font)              Font shape `OT1/ptm/b/it' tried instead on input line 1090.

LaTeX Font Info:    Font shape `OT1/ptm/bx/n' in size <24> not available
(Font)              Font shape `OT1/ptm/b/n' tried instead on input line 1090.
LaTeX Font Info:    Font shape `OT1/ptm/bx/it' in size <24> not available
(Font)              Font shape `OT1/ptm/b/it' tried instead on input line 1090.

\IEEEquantizedlength=\dimen109
\IEEEquantizedlengthdiff=\dimen110
\IEEEquantizedtextheightdiff=\dimen111
\IEEEilabelindentA=\dimen112
\IEEEilabelindentB=\dimen113
\IEEEilabelindent=\dimen114
\IEEEelabelindent=\dimen115
\IEEEdlabelindent=\dimen116
\IEEElabelindent=\dimen117
\IEEEiednormlabelsep=\dimen118
\IEEEiedmathlabelsep=\dimen119
\IEEEiedtopsep=\skip41
\c@section=\count82
\c@subsection=\count83
\c@subsubsection=\count84
\c@paragraph=\count85
\c@IEEEsubequation=\count86
\abovecaptionskip=\skip42
\belowcaptionskip=\skip43
\c@figure=\count87
\c@table=\count88
\@IEEEeqnnumcols=\count89
\@IEEEeqncolcnt=\count90
\@IEEEsubeqnnumrollback=\count91
\@IEEEquantizeheightA=\dimen120
\@IEEEquantizeheightB=\dimen121
\@IEEEquantizeheightC=\dimen122
\@IEEEquantizeprevdepth=\dimen123
\@IEEEquantizemultiple=\count92
\@IEEEquantizeboxA=\box26
\@IEEEtmpitemindent=\dimen124
\IEEEPARstartletwidth=\dimen125
\c@IEEEbiography=\count93
\@IEEEtranrubishbin=\box27
)
("C:\Users\MD\AppData\Local\Programs\MiKTeX 2.9\tex\latex\graphics\graphicx.sty
"
Package: graphicx 2014/10/28 v1.0g Enhanced LaTeX Graphics (DPC,SPQR)
 ("C:\Users\MD\AppData\Local\Programs\MiKTeX 2.9\tex\latex\graphics\keyval.sty"
Package: keyval 2014/10/28 v1.15 key=value parser (DPC)
\KV@toks@=\toks15
)
("C:\Users\MD\AppData\Local\Programs\MiKTeX 2.9\tex\latex\graphics\graphics.sty
"
Package: graphics 2014/10/28 v1.0p Standard LaTeX Graphics (DPC,SPQR)
 ("C:\Users\MD\AppData\Local\Programs\MiKTeX 2.9\tex\latex\graphics\trig.sty"
Package: trig 1999/03/16 v1.09 sin cos tan (DPC)
) ("C:\Users\MD\AppData\Local\Programs\MiKTeX 2.9\tex\latex\00miktex\graphics.c
fg"
File: graphics.cfg 2007/01/18 v1.5 graphics configuration of teTeX/TeXLive
)
Package graphics Info: Driver file: pdftex.def on input line 94.

("C:\Users\MD\AppData\Local\Programs\MiKTeX 2.9\tex\latex\pdftex-def\pdftex.def
"
File: pdftex.def 2011/05/27 v0.06d Graphics/color for pdfTeX

("C:\Users\MD\AppData\Local\Programs\MiKTeX 2.9\tex\generic\oberdiek\infwarerr.
sty"
Package: infwarerr 2010/04/08 v1.3 Providing info/warning/error messages (HO)
)
("C:\Users\MD\AppData\Local\Programs\MiKTeX 2.9\tex\generic\oberdiek\ltxcmds.st
y"
Package: ltxcmds 2011/11/09 v1.22 LaTeX kernel commands for general use (HO)
)
\Gread@gobject=\count94
))
\Gin@req@height=\dimen126
\Gin@req@width=\dimen127
)
("C:\Users\MD\AppData\Local\Programs\MiKTeX 2.9\tex\latex\amsmath\amsmath.sty"
Package: amsmath 2013/01/14 v2.14 AMS math features
\@mathmargin=\skip44

For additional information on amsmath, use the `?' option.
("C:\Users\MD\AppData\Local\Programs\MiKTeX 2.9\tex\latex\amsmath\amstext.sty"
Package: amstext 2000/06/29 v2.01

("C:\Users\MD\AppData\Local\Programs\MiKTeX 2.9\tex\latex\amsmath\amsgen.sty"
File: amsgen.sty 1999/11/30 v2.0
\@emptytoks=\toks16
\ex@=\dimen128
)) ("C:\Users\MD\AppData\Local\Programs\MiKTeX 2.9\tex\latex\amsmath\amsbsy.sty
"
Package: amsbsy 1999/11/29 v1.2d
\pmbraise@=\dimen129
) ("C:\Users\MD\AppData\Local\Programs\MiKTeX 2.9\tex\latex\amsmath\amsopn.sty"
Package: amsopn 1999/12/14 v2.01 operator names
)
\inf@bad=\count95
LaTeX Info: Redefining \frac on input line 210.
\uproot@=\count96
\leftroot@=\count97
LaTeX Info: Redefining \overline on input line 306.
\classnum@=\count98
\DOTSCASE@=\count99
LaTeX Info: Redefining \ldots on input line 378.
LaTeX Info: Redefining \dots on input line 381.
LaTeX Info: Redefining \cdots on input line 466.
\Mathstrutbox@=\box28
\strutbox@=\box29
\big@size=\dimen130
LaTeX Font Info:    Redeclaring font encoding OML on input line 566.
LaTeX Font Info:    Redeclaring font encoding OMS on input line 567.
\macc@depth=\count100
\c@MaxMatrixCols=\count101
\dotsspace@=\muskip10
\c@parentequation=\count102
\dspbrk@lvl=\count103
\tag@help=\toks17
\row@=\count104
\column@=\count105
\maxfields@=\count106
\andhelp@=\toks18
\eqnshift@=\dimen131
\alignsep@=\dimen132
\tagshift@=\dimen133
\tagwidth@=\dimen134
\totwidth@=\dimen135
\lineht@=\dimen136
\@envbody=\toks19
\multlinegap=\skip45
\multlinetaggap=\skip46
\mathdisplay@stack=\toks20
LaTeX Info: Redefining \[ on input line 2665.
LaTeX Info: Redefining \] on input line 2666.
) (latexsummary.aux)
\openout1 = `latexsummary.aux'.

LaTeX Font Info:    Checking defaults for OML/cmm/m/it on input line 24.
LaTeX Font Info:    ... okay on input line 24.
LaTeX Font Info:    Checking defaults for T1/cmr/m/n on input line 24.
LaTeX Font Info:    ... okay on input line 24.
LaTeX Font Info:    Checking defaults for OT1/cmr/m/n on input line 24.
LaTeX Font Info:    ... okay on input line 24.
LaTeX Font Info:    Checking defaults for OMS/cmsy/m/n on input line 24.
LaTeX Font Info:    ... okay on input line 24.
LaTeX Font Info:    Checking defaults for OMX/cmex/m/n on input line 24.
LaTeX Font Info:    ... okay on input line 24.
LaTeX Font Info:    Checking defaults for U/cmr/m/n on input line 24.
LaTeX Font Info:    ... okay on input line 24.

-- Lines per column: 58 (exact).
("C:\Users\MD\AppData\Local\Programs\MiKTeX 2.9\tex\context\base\supp-pdf.mkii"
[Loading MPS to PDF converter (version 2006.09.02).]
\scratchcounter=\count107
\scratchdimen=\dimen137
\scratchbox=\box30
\nofMPsegments=\count108
\nofMParguments=\count109
\everyMPshowfont=\toks21
\MPscratchCnt=\count110
\MPscratchDim=\dimen138
\MPnumerator=\count111
\makeMPintoPDFobject=\count112
\everyMPtoPDFconversion=\toks22
) [1{C:/Users/MD/AppData/Local/MiKTeX/2.9/pdftex/config/pdftex.map}]
(latexsummary.toc)
\tf@toc=\write3
\openout3 = `latexsummary.toc'.


Underfull \hbox (badness 10000) in paragraph at lines 44--48

 []


Underfull \hbox (badness 10000) in paragraph at lines 44--48

 []


Underfull \hbox (badness 10000) in paragraph at lines 49--69

 []


Underfull \hbox (badness 10000) in paragraph at lines 49--69

 []

[2]
Underfull \hbox (badness 10000) in paragraph at lines 75--85

 []


Underfull \hbox (badness 10000) in paragraph at lines 75--85

 []


Underfull \hbox (badness 10000) in paragraph at lines 75--85

 []

LaTeX Font Info:    Try loading font information for OMS+ptm on input line 89.
("C:\Users\MD\AppData\Local\Programs\MiKTeX 2.9\tex\latex\psnfss\omsptm.fd"
File: omsptm.fd 
)
LaTeX Font Info:    Font shape `OMS/ptm/m/n' in size <10> not available
(Font)              Font shape `OMS/cmsy/m/n' tried instead on input line 89.

Underfull \hbox (badness 10000) in paragraph at lines 99--118

 []


Underfull \hbox (badness 10000) in paragraph at lines 99--118

 []


Underfull \hbox (badness 10000) in paragraph at lines 99--118

 []


Underfull \hbox (badness 10000) in paragraph at lines 99--118

 []


Underfull \hbox (badness 10000) in paragraph at lines 120--123

 []


Underfull \hbox (badness 10000) in paragraph at lines 124--125

 []

<code3.jpg, id=9, 357.58594pt x 307.1475pt>
File: code3.jpg Graphic file (type jpg)
 <use code3.jpg>
Package pdftex.def Info: code3.jpg used on input line 127.
(pdftex.def)             Requested size: 227.62204pt x 195.51453pt.
 [3 <./code3.jpg>]
<dis5.jpg, id=14, 209.28188pt x 132.495pt>
File: dis5.jpg Graphic file (type jpg)
 <use dis5.jpg>
Package pdftex.def Info: dis5.jpg used on input line 182.
(pdftex.def)             Requested size: 142.26378pt x 90.06506pt.

Underfull \hbox (badness 10000) in paragraph at lines 230--232

 []

[4 <./dis5.jpg>]
Underfull \hbox (badness 10000) in paragraph at lines 233--239

 []


Underfull \hbox (badness 10000) in paragraph at lines 233--239

 []


Underfull \hbox (badness 10000) in paragraph at lines 233--239

 []

<uespack1.png, id=18, 129.48375pt x 161.60374pt>
File: uespack1.png Graphic file (type png)
 <use uespack1.png>
Package pdftex.def Info: uespack1.png used on input line 241.
(pdftex.def)             Requested size: 113.81102pt x 142.04898pt.

<dismat1.png, id=19, 87.32625pt x 118.19156pt>
File: dismat1.png Graphic file (type png)
 <use dismat1.png>
Package pdftex.def Info: dismat1.png used on input line 268.
(pdftex.def)             Requested size: 113.81102pt x 154.04576pt.
 [5 <./uespack1.png (PNG copy)> <./dismat1.png>]
<codemat2ee.png, id=26, 146.79843pt x 124.21407pt>
File: codemat2ee.png Graphic file (type png)
 <use codemat2ee.png>
Package pdftex.def Info: codemat2ee.png used on input line 283.
(pdftex.def)             Requested size: 142.26378pt x 120.37755pt.

<dismat2.png, id=27, 130.23656pt x 101.62968pt>
File: dismat2.png Graphic file (type png)
 <use dismat2.png>
Package pdftex.def Info: dismat2.png used on input line 294.
(pdftex.def)             Requested size: 142.26378pt x 111.01605pt.

<codepig1.png, id=28, 175.40532pt x 117.43875pt>
File: codepig1.png Graphic file (type png)
 <use codepig1.png>
Package pdftex.def Info: codepig1.png used on input line 309.
(pdftex.def)             Requested size: 170.71652pt x 114.30788pt.

<dispig1.png, id=29, 219.06844pt x 161.85469pt>
File: dispig1.png Graphic file (type png)
 <use dispig1.png>
Package pdftex.def Info: dispig1.png used on input line 320.
(pdftex.def)             Requested size: 142.26378pt x 105.11044pt.
 [6 <./codemat2ee.png> <./dismat2.png> <./codepig1.png> <./dispig1.png>]

LaTeX Warning: Reference `c' on page 7 undefined on input line 329.

<dislishof.png, id=33, 371.13657pt x 130.23656pt>
File: dislishof.png Graphic file (type png)
 <use dislishof.png>
Package pdftex.def Info: dislishof.png used on input line 372.
(pdftex.def)             Requested size: 227.62204pt x 79.8774pt.
 [7 <./dislishof.png>] <codetable1.png, id=39, 155.83218pt x 194.22563pt>
File: codetable1.png Graphic file (type png)

<use codetable1.png>
Package pdftex.def Info: codetable1.png used on input line 393.
(pdftex.def)             Requested size: 142.26378pt x 177.31757pt.
 <distable1.png, id=40, 213.79875pt x 114.4275pt>
File: distable1.png Graphic file (type png)

<use distable1.png>
Package pdftex.def Info: distable1.png used on input line 406.
(pdftex.def)             Requested size: 199.16928pt x 106.59805pt.
 [8 <./codetable1.png> <./distable1.png>]
LaTeX Font Info:    Try loading font information for OML+ptm on input line 450.


("C:\Users\MD\AppData\Local\Programs\MiKTeX 2.9\tex\latex\psnfss\omlptm.fd"
File: omlptm.fd 
)
LaTeX Font Info:    Font shape `OML/ptm/m/n' in size <10> not available
(Font)              Font shape `OML/cmm/m/it' tried instead on input line 450.

<1ch.jpg, id=44, 776.9025pt x 524.71031pt>
File: 1ch.jpg Graphic file (type jpg)
 <use 1ch.jpg>
Package pdftex.def Info: 1ch.jpg used on input line 454.
(pdftex.def)             Requested size: 227.62204pt x 153.73134pt.

<3ch.jpg, id=45, 776.9025pt x 524.71031pt>
File: 3ch.jpg Graphic file (type jpg)
 <use 3ch.jpg>
Package pdftex.def Info: 3ch.jpg used on input line 469.
(pdftex.def)             Requested size: 227.62204pt x 153.73134pt.
 [9 <./1ch.jpg> <./3ch.jpg>] <sinx.jpg, id=49, 776.9025pt x 524.71031pt>
File: sinx.jpg Graphic file (type jpg)
 <use sinx.jpg>
Package pdftex.def Info: sinx.jpg used on input line 487.
(pdftex.def)             Requested size: 227.62204pt x 153.73134pt.

<sinx1.jpg, id=50, 776.9025pt x 524.71031pt>
File: sinx1.jpg Graphic file (type jpg)
 <use sinx1.jpg>
Package pdftex.def Info: sinx1.jpg used on input line 504.
(pdftex.def)             Requested size: 227.62204pt x 153.73134pt.

<sinx3.jpg, id=51, 776.9025pt x 524.71031pt>
File: sinx3.jpg Graphic file (type jpg)
 <use sinx3.jpg>
Package pdftex.def Info: sinx3.jpg used on input line 515.
(pdftex.def)             Requested size: 227.62204pt x 153.73134pt.
 [10 <./sinx.jpg> <./sinx1.jpg>] <gnulatex.png, id=55, 258.9675pt x 148.30406pt
>
File: gnulatex.png Graphic file (type png)

<use gnulatex.png>
Package pdftex.def Info: gnulatex.png used on input line 536.
(pdftex.def)             Requested size: 256.0748pt x 146.66304pt.
 <codein4.png, id=56, 115.93312pt x 72.27pt>
File: codein4.png Graphic file (type png)

<use codein4.png>
Package pdftex.def Info: codein4.png used on input line 545.
(pdftex.def)             Requested size: 142.26378pt x 88.69194pt.
 [11 <./sinx3.jpg> <./gnulatex.png> <./codein4.png>]
(latexsummary.aux)

LaTeX Warning: There were undefined references.

 ) 
Here is how much of TeX's memory you used:
 2669 strings out of 493634
 40788 string characters out of 3136464
 101787 words of memory out of 3000000
 6048 multiletter control sequences out of 15000+200000
 33892 words of font info for 65 fonts, out of 3000000 for 9000
 1025 hyphenation exceptions out of 8191
 27i,7n,20p,716b,297s stack positions out of 5000i,500n,10000p,200000b,50000s
{C:/Users/MD/AppData/Local/Programs/MiKTeX 2.9/fonts/enc/dvips/fontname/8r.en
c}<C:/Users/MD/AppData/Local/Programs/MiKTeX 2.9/fonts/type1/public/amsfonts/cm
/cmmi10.pfb><C:/Users/MD/AppData/Local/Programs/MiKTeX 2.9/fonts/type1/public/a
msfonts/cm/cmr10.pfb><C:/Users/MD/AppData/Local/Programs/MiKTeX 2.9/fonts/type1
/public/amsfonts/cm/cmr7.pfb><C:/Users/MD/AppData/Local/Programs/MiKTeX 2.9/fon
ts/type1/public/amsfonts/cm/cmsy10.pfb><C:/Users/MD/AppData/Local/Programs/MiKT
eX 2.9/fonts/type1/urw/times/utmb8a.pfb><C:/Users/MD/AppData/Local/Programs/MiK
TeX 2.9/fonts/type1/urw/times/utmr8a.pfb>
Output written on latexsummary.pdf (11 pages, 1469232 bytes).
PDF statistics:
 81 PDF objects out of 1000 (max. 8388607)
 0 named destinations out of 1000 (max. 500000)
 91 words of extra memory for PDF output out of 10000 (max. 10000000)

